#
# There is insufficient memory for the Java Runtime Environment to continue.
# Native memory allocation (malloc) failed to allocate 895856 bytes for Chunk::new
# Possible reasons:
#   The system is out of physical RAM or swap space
#   The process is running with CompressedOops enabled, and the Java Heap may be blocking the growth of the native heap
# Possible solutions:
#   Reduce memory load on the system
#   Increase physical memory or swap space
#   Check if swap backing store is full
#   Decrease Java heap size (-Xmx/-Xms)
#   Decrease number of Java threads
#   Decrease Java thread stack sizes (-Xss)
#   Set larger code cache with -XX:ReservedCodeCacheSize=
#   JVM is running with Unscaled Compressed Oops mode in which the Java heap is
#     placed in the first 4GB address space. The Java Heap base address is the
#     maximum limit for the native heap growth. Please use -XX:HeapBaseMinAddress
#     to set the Java Heap base and to place the Java Heap above 4GB virtual address.
# This output file may be truncated or incomplete.
#
#  Out of Memory Error (arena.cpp:189), pid=14132, tid=1204
#
# JRE version: OpenJDK Runtime Environment Temurin-17.0.8.1+1 (17.0.8.1+1) (build 17.0.8.1+1)
# Java VM: OpenJDK 64-Bit Server VM Temurin-17.0.8.1+1 (17.0.8.1+1, mixed mode, tiered, compressed oops, compressed class ptrs, g1 gc, windows-amd64)
# No core dump will be written. Minidumps are not enabled by default on client versions of Windows
#

---------------  S U M M A R Y ------------

Command Line: -Dfile.encoding=UTF-8 -Dstdout.encoding=UTF-8 -Dstderr.encoding=UTF-8 -XX:+ShowCodeDetailsInExceptionMessages com.aj.blog.BlogApplication

Host: Intel(R) Core(TM) i5-1035G1 CPU @ 1.00GHz, 8 cores, 7G,  Windows 11 , 64 bit Build 22621 (10.0.22621.2506)
Time: Tue Dec 26 22:42:58 2023 India Standard Time elapsed time: 12.040043 seconds (0d 0h 0m 12s)

---------------  T H R E A D  ---------------

Current thread (0x000001f8060622e0):  JavaThread "C2 CompilerThread0" daemon [_thread_in_native, id=1204, stack(0x000000f1a6100000,0x000000f1a6200000)]


Current CompileTask:
C2:  12040 5741   !   4       org.springframework.core.annotation.AnnotationsScanner::processMethodHierarchy (276 bytes)

Stack: [0x000000f1a6100000,0x000000f1a6200000]
Native frames: (J=compiled Java code, j=interpreted, Vv=VM code, C=native code)
V  [jvm.dll+0x678b0a]
V  [jvm.dll+0x835e84]
V  [jvm.dll+0x83762e]
V  [jvm.dll+0x837c93]
V  [jvm.dll+0x24746f]
V  [jvm.dll+0xac20c]
V  [jvm.dll+0xac7dc]
V  [jvm.dll+0x2ae7af]
V  [jvm.dll+0x581427]
V  [jvm.dll+0x222602]
V  [jvm.dll+0x2229df]
V  [jvm.dll+0x21ba55]
V  [jvm.dll+0x218f0b]
V  [jvm.dll+0x1a534d]
V  [jvm.dll+0x228d8a]
V  [jvm.dll+0x226dcc]
V  [jvm.dll+0x7ec09b]
V  [jvm.dll+0x7e64ca]
V  [jvm.dll+0x677955]
C  [ucrtbase.dll+0x29363]
C  [KERNEL32.DLL+0x1257d]
C  [ntdll.dll+0x5aa58]


---------------  P R O C E S S  ---------------

Threads class SMR info:
_java_thread_list=0x000001f80989c920, length=17, elements={
0x000001f868186ba0, 0x000001f87fffd260, 0x000001f87fffdd30, 0x000001f87ffea1a0,
0x000001f806055000, 0x000001f8060598f0, 0x000001f80605a1c0, 0x000001f8060622e0,
0x000001f806062bf0, 0x000001f806063500, 0x000001f8061dfbf0, 0x000001f806216190,
0x000001f806e15930, 0x000001f806d68bf0, 0x000001f807600e60, 0x000001f807600950,
0x000001f80b0965d0
}

Java Threads: ( => current thread )
  0x000001f868186ba0 JavaThread "main" [_thread_blocked, id=16896, stack(0x000000f1a5400000,0x000000f1a5500000)]
  0x000001f87fffd260 JavaThread "Reference Handler" daemon [_thread_blocked, id=21180, stack(0x000000f1a5b00000,0x000000f1a5c00000)]
  0x000001f87fffdd30 JavaThread "Finalizer" daemon [_thread_blocked, id=18656, stack(0x000000f1a5c00000,0x000000f1a5d00000)]
  0x000001f87ffea1a0 JavaThread "Signal Dispatcher" daemon [_thread_blocked, id=8784, stack(0x000000f1a5d00000,0x000000f1a5e00000)]
  0x000001f806055000 JavaThread "Attach Listener" daemon [_thread_blocked, id=9428, stack(0x000000f1a5e00000,0x000000f1a5f00000)]
  0x000001f8060598f0 JavaThread "Service Thread" daemon [_thread_blocked, id=9936, stack(0x000000f1a5f00000,0x000000f1a6000000)]
  0x000001f80605a1c0 JavaThread "Monitor Deflation Thread" daemon [_thread_blocked, id=16012, stack(0x000000f1a6000000,0x000000f1a6100000)]
=>0x000001f8060622e0 JavaThread "C2 CompilerThread0" daemon [_thread_in_native, id=1204, stack(0x000000f1a6100000,0x000000f1a6200000)]
  0x000001f806062bf0 JavaThread "C1 CompilerThread0" daemon [_thread_blocked, id=21000, stack(0x000000f1a6200000,0x000000f1a6300000)]
  0x000001f806063500 JavaThread "Sweeper thread" daemon [_thread_blocked, id=10728, stack(0x000000f1a6300000,0x000000f1a6400000)]
  0x000001f8061dfbf0 JavaThread "Notification Thread" daemon [_thread_blocked, id=17008, stack(0x000000f1a6400000,0x000000f1a6500000)]
  0x000001f806216190 JavaThread "Common-Cleaner" daemon [_thread_blocked, id=15036, stack(0x000000f1a6600000,0x000000f1a6700000)]
  0x000001f806e15930 JavaThread "Thread-0" [_thread_blocked, id=11340, stack(0x000000f1a6800000,0x000000f1a6900000)]
  0x000001f806d68bf0 JavaThread "restartedMain" [_thread_in_vm, id=19504, stack(0x000000f1a6900000,0x000000f1a6a00000)]
  0x000001f807600e60 JavaThread "mysql-cj-abandoned-connection-cleanup" daemon [_thread_blocked, id=12536, stack(0x000000f1a6f00000,0x000000f1a7000000)]
  0x000001f807600950 JavaThread "HikariPool-1 housekeeper" daemon [_thread_blocked, id=11568, stack(0x000000f1a6700000,0x000000f1a6800000)]
  0x000001f80b0965d0 JavaThread "HikariPool-1 connection adder" daemon [_thread_blocked, id=16304, stack(0x000000f1a7400000,0x000000f1a7500000)]

Other Threads:
  0x000001f806020a10 VMThread "VM Thread" [stack: 0x000000f1a5a00000,0x000000f1a5b00000] [id=9916]
  0x000001f8681fbb60 WatcherThread [stack: 0x000000f1a6500000,0x000000f1a6600000] [id=14828]
  0x000001f8681e4420 GCTaskThread "GC Thread#0" [stack: 0x000000f1a5500000,0x000000f1a5600000] [id=17528]
  0x000001f8070cbd10 GCTaskThread "GC Thread#1" [stack: 0x000000f1a6a00000,0x000000f1a6b00000] [id=13544]
  0x000001f8070cbfd0 GCTaskThread "GC Thread#2" [stack: 0x000000f1a6b00000,0x000000f1a6c00000] [id=9772]
  0x000001f807145c90 GCTaskThread "GC Thread#3" [stack: 0x000000f1a6c00000,0x000000f1a6d00000] [id=1732]
  0x000001f807145f50 GCTaskThread "GC Thread#4" [stack: 0x000000f1a6d00000,0x000000f1a6e00000] [id=19884]
  0x000001f807146210 GCTaskThread "GC Thread#5" [stack: 0x000000f1a6e00000,0x000000f1a6f00000] [id=15660]
  0x000001f8073d7d00 GCTaskThread "GC Thread#6" [stack: 0x000000f1a7000000,0x000000f1a7100000] [id=9908]
  0x000001f807959c70 GCTaskThread "GC Thread#7" [stack: 0x000000f1a7100000,0x000000f1a7200000] [id=17324]
  0x000001f8681f52e0 ConcurrentGCThread "G1 Main Marker" [stack: 0x000000f1a5600000,0x000000f1a5700000] [id=10736]
  0x000001f8681f5c00 ConcurrentGCThread "G1 Conc#0" [stack: 0x000000f1a5700000,0x000000f1a5800000] [id=14864]
  0x000001f80728f460 ConcurrentGCThread "G1 Conc#1" [stack: 0x000000f1a7200000,0x000000f1a7300000] [id=8100]
  0x000001f86822e020 ConcurrentGCThread "G1 Refine#0" [stack: 0x000000f1a5800000,0x000000f1a5900000] [id=13652]
  0x000001f86822e960 ConcurrentGCThread "G1 Service" [stack: 0x000000f1a5900000,0x000000f1a5a00000] [id=22020]

Threads with active compile tasks:
C2 CompilerThread0    12065 5741   !   4       org.springframework.core.annotation.AnnotationsScanner::processMethodHierarchy (276 bytes)

VM state: not at safepoint (normal execution)

VM Mutex/Monitor currently owned by a thread: None

Heap address: 0x0000000083a00000, size: 1990 MB, Compressed Oops mode: 32-bit

CDS archive(s) not mapped
Compressed class space mapped at: 0x0000000100000000-0x0000000140000000, reserved size: 1073741824
Narrow klass base: 0x0000000000000000, Narrow klass shift: 3, Narrow klass range: 0x140000000

GC Precious Log:
 CPUs: 8 total, 8 available
 Memory: 7959M
 Large Page Support: Disabled
 NUMA Support: Disabled
 Compressed Oops: Enabled (32-bit)
 Heap Region Size: 1M
 Heap Min Capacity: 8M
 Heap Initial Capacity: 126M
 Heap Max Capacity: 1990M
 Pre-touch: Disabled
 Parallel Workers: 8
 Concurrent Workers: 2
 Concurrent Refinement Workers: 8
 Periodic GC: Disabled

Heap:
 garbage-first heap   total 48128K, used 37801K [0x0000000083a00000, 0x0000000100000000)
  region size 1024K, 14 young (14336K), 2 survivors (2048K)
 Metaspace       used 69629K, committed 70080K, reserved 1114112K
  class space    used 9059K, committed 9280K, reserved 1048576K

Heap Regions: E=young(eden), S=young(survivor), O=old, HS=humongous(starts), HC=humongous(continues), CS=collection set, F=free, OA=open archive, CA=closed archive, TAMS=top-at-mark-start (previous, next)
|   0|0x0000000083a00000, 0x0000000083b00000, 0x0000000083b00000|100%|HS|  |TAMS 0x0000000083b00000, 0x0000000083a00000| Complete 
|   1|0x0000000083b00000, 0x0000000083c00000, 0x0000000083c00000|100%| O|  |TAMS 0x0000000083c00000, 0x0000000083b00000| Untracked 
|   2|0x0000000083c00000, 0x0000000083d00000, 0x0000000083d00000|100%| O|  |TAMS 0x0000000083d00000, 0x0000000083c00000| Untracked 
|   3|0x0000000083d00000, 0x0000000083e00000, 0x0000000083e00000|100%| O|  |TAMS 0x0000000083e00000, 0x0000000083d00000| Untracked 
|   4|0x0000000083e00000, 0x0000000083f00000, 0x0000000083f00000|100%| O|  |TAMS 0x0000000083f00000, 0x0000000083e00000| Untracked 
|   5|0x0000000083f00000, 0x0000000084000000, 0x0000000084000000|100%| O|  |TAMS 0x0000000084000000, 0x0000000083f00000| Untracked 
|   6|0x0000000084000000, 0x0000000084100000, 0x0000000084100000|100%| O|  |TAMS 0x0000000084100000, 0x0000000084000000| Untracked 
|   7|0x0000000084100000, 0x0000000084184400, 0x0000000084200000| 51%| O|  |TAMS 0x0000000084184400, 0x0000000084100000| Untracked 
|   8|0x0000000084200000, 0x0000000084300000, 0x0000000084300000|100%| O|  |TAMS 0x0000000084300000, 0x0000000084200000| Untracked 
|   9|0x0000000084300000, 0x0000000084400000, 0x0000000084400000|100%| O|  |TAMS 0x0000000084400000, 0x0000000084300000| Untracked 
|  10|0x0000000084400000, 0x0000000084500000, 0x0000000084500000|100%| O|  |TAMS 0x0000000084500000, 0x0000000084400000| Untracked 
|  11|0x0000000084500000, 0x0000000084600000, 0x0000000084600000|100%| O|  |TAMS 0x0000000084600000, 0x0000000084500000| Untracked 
|  12|0x0000000084600000, 0x0000000084700000, 0x0000000084700000|100%| O|  |TAMS 0x0000000084700000, 0x0000000084600000| Untracked 
|  13|0x0000000084700000, 0x0000000084800000, 0x0000000084800000|100%| O|  |TAMS 0x0000000084800000, 0x0000000084700000| Untracked 
|  14|0x0000000084800000, 0x0000000084900000, 0x0000000084900000|100%| O|  |TAMS 0x0000000084900000, 0x0000000084800000| Untracked 
|  15|0x0000000084900000, 0x0000000084a00000, 0x0000000084a00000|100%| O|  |TAMS 0x0000000084a00000, 0x0000000084900000| Untracked 
|  16|0x0000000084a00000, 0x0000000084b00000, 0x0000000084b00000|100%| O|  |TAMS 0x0000000084b00000, 0x0000000084a00000| Untracked 
|  17|0x0000000084b00000, 0x0000000084c00000, 0x0000000084c00000|100%| O|  |TAMS 0x0000000084c00000, 0x0000000084b00000| Untracked 
|  18|0x0000000084c00000, 0x0000000084d00000, 0x0000000084d00000|100%| O|  |TAMS 0x0000000084d00000, 0x0000000084c00000| Untracked 
|  19|0x0000000084d00000, 0x0000000084e00000, 0x0000000084e00000|100%| O|  |TAMS 0x0000000084e00000, 0x0000000084d00000| Untracked 
|  20|0x0000000084e00000, 0x0000000084f00000, 0x0000000084f00000|100%| O|  |TAMS 0x0000000084f00000, 0x0000000084e00000| Untracked 
|  21|0x0000000084f00000, 0x0000000085000000, 0x0000000085000000|100%| O|  |TAMS 0x0000000085000000, 0x0000000084f00000| Untracked 
|  22|0x0000000085000000, 0x0000000085100000, 0x0000000085100000|100%| O|  |TAMS 0x0000000085100000, 0x0000000085000000| Untracked 
|  23|0x0000000085100000, 0x0000000085200000, 0x0000000085200000|100%| O|  |TAMS 0x0000000085200000, 0x0000000085100000| Untracked 
|  24|0x0000000085200000, 0x0000000085300000, 0x0000000085300000|100%| O|  |TAMS 0x000000008529ee00, 0x0000000085200000| Untracked 
|  25|0x0000000085300000, 0x0000000085310e00, 0x0000000085400000|  6%| O|  |TAMS 0x0000000085300000, 0x0000000085310e00| Untracked 
|  26|0x0000000085400000, 0x0000000085400000, 0x0000000085500000|  0%| F|  |TAMS 0x0000000085400000, 0x0000000085400000| Untracked 
|  27|0x0000000085500000, 0x0000000085500000, 0x0000000085600000|  0%| F|  |TAMS 0x0000000085500000, 0x0000000085500000| Untracked 
|  28|0x0000000085600000, 0x0000000085600000, 0x0000000085700000|  0%| F|  |TAMS 0x0000000085600000, 0x0000000085600000| Untracked 
|  29|0x0000000085700000, 0x0000000085700000, 0x0000000085800000|  0%| F|  |TAMS 0x0000000085700000, 0x0000000085700000| Untracked 
|  30|0x0000000085800000, 0x0000000085800000, 0x0000000085900000|  0%| F|  |TAMS 0x0000000085800000, 0x0000000085800000| Untracked 
|  31|0x0000000085900000, 0x0000000085900000, 0x0000000085a00000|  0%| F|  |TAMS 0x0000000085900000, 0x0000000085900000| Untracked 
|  32|0x0000000085a00000, 0x0000000085a3d790, 0x0000000085b00000| 24%| S|  |TAMS 0x0000000085a00000, 0x0000000085a00000| Complete 
|  33|0x0000000085b00000, 0x0000000085c00000, 0x0000000085c00000|100%| E|CS|TAMS 0x0000000085b00000, 0x0000000085c00000| Complete 
|  34|0x0000000085c00000, 0x0000000085c55458, 0x0000000085d00000| 33%| E|CS|TAMS 0x0000000085c00000, 0x0000000085c55458| Complete 
|  35|0x0000000085d00000, 0x0000000085e00000, 0x0000000085e00000|100%| E|CS|TAMS 0x0000000085d00000, 0x0000000085e00000| Complete 
|  36|0x0000000085e00000, 0x0000000085f00000, 0x0000000085f00000|100%| E|CS|TAMS 0x0000000085e00000, 0x0000000085f00000| Complete 
|  37|0x0000000085f00000, 0x0000000086000000, 0x0000000086000000|100%| E|CS|TAMS 0x0000000085f00000, 0x0000000086000000| Complete 
|  38|0x0000000086000000, 0x0000000086100000, 0x0000000086100000|100%| E|CS|TAMS 0x0000000086000000, 0x0000000086100000| Complete 
|  39|0x0000000086100000, 0x0000000086200000, 0x0000000086200000|100%| E|CS|TAMS 0x0000000086100000, 0x0000000086200000| Complete 
|  40|0x0000000086200000, 0x0000000086300000, 0x0000000086300000|100%| E|CS|TAMS 0x0000000086200000, 0x0000000086300000| Complete 
|  41|0x0000000086300000, 0x0000000086400000, 0x0000000086400000|100%| E|CS|TAMS 0x0000000086300000, 0x0000000086400000| Complete 
|  42|0x0000000086400000, 0x0000000086500000, 0x0000000086500000|100%| E|CS|TAMS 0x0000000086400000, 0x0000000086500000| Complete 
| 117|0x000000008af00000, 0x000000008b000000, 0x000000008b000000|100%| E|CS|TAMS 0x000000008af00000, 0x000000008b000000| Complete 
| 118|0x000000008b000000, 0x000000008b100000, 0x000000008b100000|100%| E|CS|TAMS 0x000000008b000000, 0x000000008b100000| Complete 
| 119|0x000000008b100000, 0x000000008b200000, 0x000000008b200000|100%| E|CS|TAMS 0x000000008b100000, 0x000000008b200000| Complete 
| 125|0x000000008b700000, 0x000000008b800000, 0x000000008b800000|100%| E|CS|TAMS 0x000000008b700000, 0x000000008b800000| Complete 

Card table byte_map: [0x000001f87af50000,0x000001f87b340000] _byte_map_base: 0x000001f87ab33000

Marking Bits (Prev, Next): (CMBitMap*) 0x000001f8681e4990, (CMBitMap*) 0x000001f8681e4950
 Prev Bits: [0x000001f87d650000, 0x000001f87f568000)
 Next Bits: [0x000001f87b730000, 0x000001f87d648000)

Polling page: 0x000001f867930000

Metaspace:

Usage:
  Non-class:     59.16 MB used.
      Class:      8.85 MB used.
       Both:     68.01 MB used.

Virtual space:
  Non-class space:       64.00 MB reserved,      59.44 MB ( 93%) committed,  1 nodes.
      Class space:        1.00 GB reserved,       9.06 MB ( <1%) committed,  1 nodes.
             Both:        1.06 GB reserved,      68.50 MB (  6%) committed. 

Chunk freelists:
   Non-Class:  4.61 MB
       Class:  6.97 MB
        Both:  11.58 MB

MaxMetaspaceSize: unlimited
CompressedClassSpaceSize: 1.00 GB
Initial GC threshold: 21.00 MB
Current GC threshold: 106.81 MB
CDS: off
MetaspaceReclaimPolicy: balanced
 - commit_granule_bytes: 65536.
 - commit_granule_words: 8192.
 - virtual_space_node_default_size: 8388608.
 - enlarge_chunks_in_place: 1.
 - new_chunks_are_fully_committed: 0.
 - uncommit_free_chunks: 1.
 - use_allocation_guard: 0.
 - handle_deallocations: 1.


Internal statistics:

num_allocs_failed_limit: 6.
num_arena_births: 656.
num_arena_deaths: 0.
num_vsnodes_births: 2.
num_vsnodes_deaths: 0.
num_space_committed: 1096.
num_space_uncommitted: 0.
num_chunks_returned_to_freelist: 6.
num_chunks_taken_from_freelist: 2758.
num_chunk_merges: 6.
num_chunk_splits: 1992.
num_chunks_enlarged: 1556.
num_inconsistent_stats: 0.

CodeHeap 'non-profiled nmethods': size=120000Kb used=3025Kb max_used=3297Kb free=116974Kb
 bounds [0x000001f873300000, 0x000001f873640000, 0x000001f87a830000]
CodeHeap 'profiled nmethods': size=120000Kb used=9610Kb max_used=10689Kb free=110390Kb
 bounds [0x000001f86b830000, 0x000001f86c2b0000, 0x000001f872d60000]
CodeHeap 'non-nmethods': size=5760Kb used=1363Kb max_used=1384Kb free=4396Kb
 bounds [0x000001f872d60000, 0x000001f872fd0000, 0x000001f873300000]
 total_blobs=5621 nmethods=4940 adapters=592
 compilation: enabled
              stopped_count=0, restarted_count=0
 full_count=0

Compilation events (20 events):
Event: 11.989 Thread 0x000001f806062bf0 5758   !   3       org.springframework.util.ReflectionUtils::getDeclaredFields (78 bytes)
Event: 11.990 Thread 0x000001f806062bf0 nmethod 5758 0x000001f86b98d190 code [0x000001f86b98d480, 0x000001f86b98e528]
Event: 11.994 Thread 0x000001f806062bf0 5760       2       org.springframework.beans.factory.support.AbstractBeanFactory::getMergedLocalBeanDefinition (38 bytes)
Event: 11.995 Thread 0x000001f806062bf0 nmethod 5760 0x000001f86b90dc90 code [0x000001f86b90de60, 0x000001f86b90e088]
Event: 12.015 Thread 0x000001f806062bf0 5761       3       java.lang.ThreadLocal::set (30 bytes)
Event: 12.015 Thread 0x000001f806062bf0 nmethod 5761 0x000001f86b90d610 code [0x000001f86b90d7e0, 0x000001f86b90db48]
Event: 12.016 Thread 0x000001f806062bf0 5762       3       org.springframework.util.ReflectionUtils$$Lambda$532/0x0000000100421838::<init> (10 bytes)
Event: 12.016 Thread 0x000001f806062bf0 nmethod 5762 0x000001f86ba28590 code [0x000001f86ba28720, 0x000001f86ba288d8]
Event: 12.016 Thread 0x000001f806062bf0 5763       3       org.springframework.util.ReflectionUtils::doWithMethods (7 bytes)
Event: 12.016 Thread 0x000001f806062bf0 nmethod 5763 0x000001f86bd8f710 code [0x000001f86bd8f8a0, 0x000001f86bd8f9c8]
Event: 12.016 Thread 0x000001f806062bf0 5764       2       java.lang.PublicMethods$MethodList::merge (25 bytes)
Event: 12.016 Thread 0x000001f806062bf0 nmethod 5764 0x000001f86b8aaa90 code [0x000001f86b8aac40, 0x000001f86b8aadc8]
Event: 12.028 Thread 0x000001f806062bf0 5765       3       org.springframework.util.ReflectionUtils::getAllDeclaredMethods (38 bytes)
Event: 12.029 Thread 0x000001f806062bf0 nmethod 5765 0x000001f86b90c890 code [0x000001f86b90cac0, 0x000001f86b90d318]
Event: 12.029 Thread 0x000001f806062bf0 5766       3       org.springframework.aop.framework.autoproxy.AutoProxyUtils::isOriginalInstance (55 bytes)
Event: 12.029 Thread 0x000001f806062bf0 nmethod 5766 0x000001f86c029310 code [0x000001f86c0295a0, 0x000001f86c02a1b8]
Event: 12.030 Thread 0x000001f806062bf0 5767       1       org.springframework.beans.GenericTypeAwarePropertyDescriptor::getWriteMethod (5 bytes)
Event: 12.030 Thread 0x000001f806062bf0 nmethod 5767 0x000001f8733f6e90 code [0x000001f8733f7020, 0x000001f8733f70f8]
Event: 12.030 Thread 0x000001f806062bf0 5768       3       org.springframework.util.ReflectionUtils::makeAccessible (36 bytes)
Event: 12.030 Thread 0x000001f806062bf0 nmethod 5768 0x000001f86bb4bd90 code [0x000001f86bb4bfc0, 0x000001f86bb4c908]

GC Heap History (20 events):
Event: 6.891 GC heap before
{Heap before GC invocations=13 (full 0):
 garbage-first heap   total 40960K, used 30428K [0x0000000083a00000, 0x0000000100000000)
  region size 1024K, 13 young (13312K), 2 survivors (2048K)
 Metaspace       used 41574K, committed 42048K, reserved 1114112K
  class space    used 5042K, committed 5248K, reserved 1048576K
}
Event: 6.893 GC heap after
{Heap after GC invocations=14 (full 0):
 garbage-first heap   total 40960K, used 20945K [0x0000000083a00000, 0x0000000100000000)
  region size 1024K, 1 young (1024K), 1 survivors (1024K)
 Metaspace       used 41574K, committed 42048K, reserved 1114112K
  class space    used 5042K, committed 5248K, reserved 1048576K
}
Event: 7.357 GC heap before
{Heap before GC invocations=15 (full 0):
 garbage-first heap   total 40960K, used 31185K [0x0000000083a00000, 0x0000000100000000)
  region size 1024K, 12 young (12288K), 1 survivors (1024K)
 Metaspace       used 44437K, committed 44928K, reserved 1114112K
  class space    used 5487K, committed 5696K, reserved 1048576K
}
Event: 7.360 GC heap after
{Heap after GC invocations=16 (full 0):
 garbage-first heap   total 40960K, used 21329K [0x0000000083a00000, 0x0000000100000000)
  region size 1024K, 2 young (2048K), 2 survivors (2048K)
 Metaspace       used 44437K, committed 44928K, reserved 1114112K
  class space    used 5487K, committed 5696K, reserved 1048576K
}
Event: 7.725 GC heap before
{Heap before GC invocations=16 (full 0):
 garbage-first heap   total 40960K, used 30545K [0x0000000083a00000, 0x0000000100000000)
  region size 1024K, 12 young (12288K), 2 survivors (2048K)
 Metaspace       used 47153K, committed 47616K, reserved 1114112K
  class space    used 5864K, committed 6080K, reserved 1048576K
}
Event: 7.728 GC heap after
{Heap after GC invocations=17 (full 0):
 garbage-first heap   total 40960K, used 22173K [0x0000000083a00000, 0x0000000100000000)
  region size 1024K, 2 young (2048K), 2 survivors (2048K)
 Metaspace       used 47153K, committed 47616K, reserved 1114112K
  class space    used 5864K, committed 6080K, reserved 1048576K
}
Event: 8.673 GC heap before
{Heap before GC invocations=18 (full 0):
 garbage-first heap   total 40960K, used 31389K [0x0000000083a00000, 0x0000000100000000)
  region size 1024K, 12 young (12288K), 2 survivors (2048K)
 Metaspace       used 53250K, committed 53696K, reserved 1114112K
  class space    used 6607K, committed 6784K, reserved 1048576K
}
Event: 8.676 GC heap after
{Heap after GC invocations=19 (full 0):
 garbage-first heap   total 40960K, used 23438K [0x0000000083a00000, 0x0000000100000000)
  region size 1024K, 2 young (2048K), 2 survivors (2048K)
 Metaspace       used 53250K, committed 53696K, reserved 1114112K
  class space    used 6607K, committed 6784K, reserved 1048576K
}
Event: 8.914 GC heap before
{Heap before GC invocations=19 (full 0):
 garbage-first heap   total 40960K, used 31630K [0x0000000083a00000, 0x0000000100000000)
  region size 1024K, 11 young (11264K), 2 survivors (2048K)
 Metaspace       used 55226K, committed 55680K, reserved 1114112K
  class space    used 6885K, committed 7104K, reserved 1048576K
}
Event: 8.918 GC heap after
{Heap after GC invocations=20 (full 0):
 garbage-first heap   total 40960K, used 24253K [0x0000000083a00000, 0x0000000100000000)
  region size 1024K, 1 young (1024K), 1 survivors (1024K)
 Metaspace       used 55226K, committed 55680K, reserved 1114112K
  class space    used 6885K, committed 7104K, reserved 1048576K
}
Event: 9.201 GC heap before
{Heap before GC invocations=21 (full 0):
 garbage-first heap   total 45056K, used 31421K [0x0000000083a00000, 0x0000000100000000)
  region size 1024K, 9 young (9216K), 1 survivors (1024K)
 Metaspace       used 56599K, committed 57088K, reserved 1114112K
  class space    used 7063K, committed 7296K, reserved 1048576K
}
Event: 9.203 GC heap after
{Heap after GC invocations=22 (full 0):
 garbage-first heap   total 45056K, used 24809K [0x0000000083a00000, 0x0000000100000000)
  region size 1024K, 2 young (2048K), 2 survivors (2048K)
 Metaspace       used 56599K, committed 57088K, reserved 1114112K
  class space    used 7063K, committed 7296K, reserved 1048576K
}
Event: 9.790 GC heap before
{Heap before GC invocations=22 (full 0):
 garbage-first heap   total 45056K, used 34025K [0x0000000083a00000, 0x0000000100000000)
  region size 1024K, 12 young (12288K), 2 survivors (2048K)
 Metaspace       used 59185K, committed 59584K, reserved 1114112K
  class space    used 7371K, committed 7552K, reserved 1048576K
}
Event: 9.792 GC heap after
{Heap after GC invocations=23 (full 0):
 garbage-first heap   total 45056K, used 25271K [0x0000000083a00000, 0x0000000100000000)
  region size 1024K, 2 young (2048K), 2 survivors (2048K)
 Metaspace       used 59185K, committed 59584K, reserved 1114112K
  class space    used 7371K, committed 7552K, reserved 1048576K
}
Event: 10.165 GC heap before
{Heap before GC invocations=24 (full 0):
 garbage-first heap   total 46080K, used 34487K [0x0000000083a00000, 0x0000000100000000)
  region size 1024K, 12 young (12288K), 2 survivors (2048K)
 Metaspace       used 62817K, committed 63296K, reserved 1114112K
  class space    used 7984K, committed 8192K, reserved 1048576K
}
Event: 10.167 GC heap after
{Heap after GC invocations=25 (full 0):
 garbage-first heap   total 46080K, used 25677K [0x0000000083a00000, 0x0000000100000000)
  region size 1024K, 1 young (1024K), 1 survivors (1024K)
 Metaspace       used 62817K, committed 63296K, reserved 1114112K
  class space    used 7984K, committed 8192K, reserved 1048576K
}
Event: 10.663 GC heap before
{Heap before GC invocations=25 (full 0):
 garbage-first heap   total 46080K, used 36941K [0x0000000083a00000, 0x0000000100000000)
  region size 1024K, 12 young (12288K), 1 survivors (1024K)
 Metaspace       used 65116K, committed 65600K, reserved 1114112K
  class space    used 8413K, committed 8640K, reserved 1048576K
}
Event: 10.665 GC heap after
{Heap after GC invocations=26 (full 0):
 garbage-first heap   total 46080K, used 25981K [0x0000000083a00000, 0x0000000100000000)
  region size 1024K, 2 young (2048K), 2 survivors (2048K)
 Metaspace       used 65116K, committed 65600K, reserved 1114112K
  class space    used 8413K, committed 8640K, reserved 1048576K
}
Event: 10.986 GC heap before
{Heap before GC invocations=27 (full 0):
 garbage-first heap   total 48128K, used 37245K [0x0000000083a00000, 0x0000000100000000)
  region size 1024K, 13 young (13312K), 2 survivors (2048K)
 Metaspace       used 67538K, committed 68032K, reserved 1114112K
  class space    used 8805K, committed 9024K, reserved 1048576K
}
Event: 10.988 GC heap after
{Heap after GC invocations=28 (full 0):
 garbage-first heap   total 48128K, used 26537K [0x0000000083a00000, 0x0000000100000000)
  region size 1024K, 2 young (2048K), 2 survivors (2048K)
 Metaspace       used 67538K, committed 68032K, reserved 1114112K
  class space    used 8805K, committed 9024K, reserved 1048576K
}

Dll operation events (9 events):
Event: 0.033 Loaded shared library C:\Users\jadha\Downloads\sts-4.20.0.RELEASE\plugins\org.eclipse.justj.openjdk.hotspot.jre.full.win32.x86_64_17.0.8.v20230831-1047\jre\bin\java.dll
Event: 0.218 Loaded shared library C:\Users\jadha\Downloads\sts-4.20.0.RELEASE\plugins\org.eclipse.justj.openjdk.hotspot.jre.full.win32.x86_64_17.0.8.v20230831-1047\jre\bin\net.dll
Event: 0.220 Loaded shared library C:\Users\jadha\Downloads\sts-4.20.0.RELEASE\plugins\org.eclipse.justj.openjdk.hotspot.jre.full.win32.x86_64_17.0.8.v20230831-1047\jre\bin\nio.dll
Event: 0.228 Loaded shared library C:\Users\jadha\Downloads\sts-4.20.0.RELEASE\plugins\org.eclipse.justj.openjdk.hotspot.jre.full.win32.x86_64_17.0.8.v20230831-1047\jre\bin\zip.dll
Event: 0.435 Loaded shared library C:\Users\jadha\Downloads\sts-4.20.0.RELEASE\plugins\org.eclipse.justj.openjdk.hotspot.jre.full.win32.x86_64_17.0.8.v20230831-1047\jre\bin\jimage.dll
Event: 0.974 Loaded shared library C:\Users\jadha\Downloads\sts-4.20.0.RELEASE\plugins\org.eclipse.justj.openjdk.hotspot.jre.full.win32.x86_64_17.0.8.v20230831-1047\jre\bin\management.dll
Event: 0.978 Loaded shared library C:\Users\jadha\Downloads\sts-4.20.0.RELEASE\plugins\org.eclipse.justj.openjdk.hotspot.jre.full.win32.x86_64_17.0.8.v20230831-1047\jre\bin\management_ext.dll
Event: 5.925 Loaded shared library C:\Users\jadha\Downloads\sts-4.20.0.RELEASE\plugins\org.eclipse.justj.openjdk.hotspot.jre.full.win32.x86_64_17.0.8.v20230831-1047\jre\bin\sunmscapi.dll
Event: 7.233 Loaded shared library C:\Users\jadha\Downloads\sts-4.20.0.RELEASE\plugins\org.eclipse.justj.openjdk.hotspot.jre.full.win32.x86_64_17.0.8.v20230831-1047\jre\bin\verify.dll

Deoptimization events (20 events):
Event: 11.982 Thread 0x000001f806d68bf0 Uncommon trap: trap_request=0xffffff45 fr.pc=0x000001f87352370c relative=0x00000000000012cc
Event: 11.982 Thread 0x000001f806d68bf0 Uncommon trap: reason=unstable_if action=reinterpret pc=0x000001f87352370c method=java.util.concurrent.ConcurrentHashMap.putVal(Ljava/lang/Object;Ljava/lang/Object;Z)Ljava/lang/Object; @ 401 c2
Event: 11.982 Thread 0x000001f806d68bf0 DEOPT PACKING pc=0x000001f87352370c sp=0x000000f1a69fa8b0
Event: 11.982 Thread 0x000001f806d68bf0 DEOPT UNPACKING pc=0x000001f872dba1a3 sp=0x000000f1a69fa840 mode 2
Event: 11.984 Thread 0x000001f806d68bf0 Uncommon trap: trap_request=0xffffff45 fr.pc=0x000001f873534dd8 relative=0x0000000000000238
Event: 11.984 Thread 0x000001f806d68bf0 Uncommon trap: reason=unstable_if action=reinterpret pc=0x000001f873534dd8 method=java.util.concurrent.ConcurrentHashMap.get(Ljava/lang/Object;)Ljava/lang/Object; @ 86 c2
Event: 11.984 Thread 0x000001f806d68bf0 DEOPT PACKING pc=0x000001f873534dd8 sp=0x000000f1a69fa950
Event: 11.984 Thread 0x000001f806d68bf0 DEOPT UNPACKING pc=0x000001f872dba1a3 sp=0x000000f1a69fa8b8 mode 2
Event: 11.987 Thread 0x000001f806d68bf0 Uncommon trap: trap_request=0xfffffff4 fr.pc=0x000001f87356cfcc relative=0x000000000000480c
Event: 11.987 Thread 0x000001f806d68bf0 Uncommon trap: reason=null_check action=make_not_entrant pc=0x000001f87356cfcc method=java.lang.Class.getMethodsRecursive(Ljava/lang/String;[Ljava/lang/Class;Z)Ljava/lang/PublicMethods$MethodList; @ 26 c2
Event: 11.987 Thread 0x000001f806d68bf0 DEOPT PACKING pc=0x000001f87356cfcc sp=0x000000f1a69fadb0
Event: 11.987 Thread 0x000001f806d68bf0 DEOPT UNPACKING pc=0x000001f872dba1a3 sp=0x000000f1a69fad98 mode 2
Event: 12.026 Thread 0x000001f806d68bf0 Uncommon trap: trap_request=0xffffffde fr.pc=0x000001f873483830 relative=0x0000000000002c50
Event: 12.026 Thread 0x000001f806d68bf0 Uncommon trap: reason=class_check action=maybe_recompile pc=0x000001f873483830 method=org.springframework.core.ResolvableType.resolveType()Lorg/springframework/core/ResolvableType; @ 96 c2
Event: 12.026 Thread 0x000001f806d68bf0 DEOPT PACKING pc=0x000001f873483830 sp=0x000000f1a69fa130
Event: 12.026 Thread 0x000001f806d68bf0 DEOPT UNPACKING pc=0x000001f872dba1a3 sp=0x000000f1a69f9fc8 mode 2
Event: 12.027 Thread 0x000001f806d68bf0 Uncommon trap: trap_request=0xffffffde fr.pc=0x000001f873490e44 relative=0x0000000000003da4
Event: 12.027 Thread 0x000001f806d68bf0 Uncommon trap: reason=class_check action=maybe_recompile pc=0x000001f873490e44 method=org.springframework.core.ResolvableType.resolveType()Lorg/springframework/core/ResolvableType; @ 96 c2
Event: 12.027 Thread 0x000001f806d68bf0 DEOPT PACKING pc=0x000001f873490e44 sp=0x000000f1a69fa010
Event: 12.027 Thread 0x000001f806d68bf0 DEOPT UNPACKING pc=0x000001f872dba1a3 sp=0x000000f1a69f9fc0 mode 2

Classes unloaded (0 events):
No events

Classes redefined (0 events):
No events

Internal exceptions (20 events):
Event: 10.803 Thread 0x000001f806d68bf0 Exception <a 'java/lang/NoSuchMethodError'{0x0000000086459f30}: 'java.lang.Object java.lang.invoke.DirectMethodHandle$Holder.newInvokeSpecial(java.lang.Object, java.lang.Object, java.lang.Object, java.lang.Object, java.lang.Object, java.lang.Object)'> (0x0000000086459f30) 
thrown [s\src\hotspot\share\interpreter\linkResolver.cpp, line 759]
Event: 10.807 Thread 0x000001f806d68bf0 Exception <a 'java/lang/NoSuchMethodError'{0x0000000086474630}: 'int java.lang.invoke.DirectMethodHandle$Holder.invokeStatic(java.lang.Object, java.lang.Object, java.lang.Object, java.lang.Object, java.lang.Object)'> (0x0000000086474630) 
thrown [s\src\hotspot\share\interpreter\linkResolver.cpp, line 759]
Event: 10.826 Thread 0x000001f806d68bf0 Exception <a 'java/lang/NoSuchMethodError'{0x0000000086315b80}: 'void java.lang.invoke.DirectMethodHandle$Holder.invokeInterface(java.lang.Object, java.lang.Object, int, java.lang.Object)'> (0x0000000086315b80) 
thrown [s\src\hotspot\share\interpreter\linkResolver.cpp, line 759]
Event: 10.829 Thread 0x000001f806d68bf0 Exception <a 'java/lang/NoSuchMethodError'{0x000000008633d628}: 'java.lang.Object java.lang.invoke.DirectMethodHandle$Holder.newInvokeSpecial(java.lang.Object, java.lang.Object, int, java.lang.Object)'> (0x000000008633d628) 
thrown [s\src\hotspot\share\interpreter\linkResolver.cpp, line 759]
Event: 10.830 Thread 0x000001f806d68bf0 Exception <a 'java/lang/NoSuchMethodError'{0x00000000863419e8}: 'java.lang.Object java.lang.invoke.Invokers$Holder.linkToTargetMethod(java.lang.Object, int, java.lang.Object, java.lang.Object)'> (0x00000000863419e8) 
thrown [s\src\hotspot\share\interpreter\linkResolver.cpp, line 759]
Event: 10.843 Thread 0x000001f806d68bf0 Exception <a 'java/lang/IncompatibleClassChangeError'{0x00000000863d4500}: Found class java.lang.Object, but interface was expected> (0x00000000863d4500) 
thrown [s\src\hotspot\share\interpreter\linkResolver.cpp, line 826]
Event: 10.873 Thread 0x000001f806d68bf0 Exception <a 'java/lang/NoSuchMethodError'{0x00000000861176c8}: 'int java.lang.invoke.DirectMethodHandle$Holder.invokeStatic(java.lang.Object, int, java.lang.Object)'> (0x00000000861176c8) 
thrown [s\src\hotspot\share\interpreter\linkResolver.cpp, line 759]
Event: 10.875 Thread 0x000001f806d68bf0 Exception <a 'java/lang/NoSuchMethodError'{0x0000000086134008}: 'java.lang.Object java.lang.invoke.DirectMethodHandle$Holder.newInvokeSpecial(java.lang.Object, java.lang.Object, java.lang.Object, java.lang.Object, java.lang.Object, int, java.lang.Object)'> (0x0000000086134008) 
thrown [s\src\hotspot\share\interpreter\linkResolver.cpp, line 759]
Event: 10.882 Thread 0x000001f806d68bf0 Exception <a 'java/lang/NoSuchMethodError'{0x000000008617db50}: 'java.lang.Object java.lang.invoke.DirectMethodHandle$Holder.newInvokeSpecial(java.lang.Object, java.lang.Object, java.lang.Object, java.lang.Object, java.lang.Object, java.lang.Object, java.lang.Object, java.lang.Object, java.lang.Object, java.lang.Object, java.lang.Object)'> (0x000000008617db50) 
thrown [s\src\hotspot\share\interpreter\linkResolver.cpp, line 759]
Event: 10.883 Thread 0x000001f806d68bf0 Exception <a 'java/lang/NoSuchMethodError'{0x0000000086183058}: 'java.lang.Object java.lang.invoke.DirectMethodHandle$Holder.invokeSpecial(java.lang.Object, java.lang.Object, java.lang.Object, java.lang.Object, java.lang.Object, java.lang.Object, java.lang.Object, java.lang.Object, java.lang.Object, java.lang.Object, java.lang.Object, java.lang.Object)'> (0x0000000086183058) 
thrown [s\src\hotspot\share\interpreter\linkResolver.cpp, line 759]
Event: 10.883 Thread 0x000001f806d68bf0 Exception <a 'java/lang/NoSuchMethodError'{0x0000000086187df0}: 'java.lang.Object java.lang.invoke.Invokers$Holder.linkToTargetMethod(java.lang.Object, java.lang.Object, java.lang.Object, java.lang.Object, java.lang.Object, java.lang.Object, java.lang.Object, java.lang.Object, java.lang.Object, java.lang.Object, java.lang.Object)'> (0x0000000086187df0) 
thrown [s\src\hotspot\share\interpreter\linkResolver.cpp, line 759]
Event: 10.930 Thread 0x000001f806d68bf0 Exception <a 'java/lang/NoSuchMethodError'{0x0000000085f28eb8}: 'java.lang.Object java.lang.invoke.DirectMethodHandle$Holder.newInvokeSpecial(java.lang.Object, java.lang.Object, java.lang.Object, java.lang.Object, java.lang.Object, java.lang.Object, java.lang.Object, int)'> (0x0000000085f28eb8) 
thrown [s\src\hotspot\share\interpreter\linkResolver.cpp, line 759]
Event: 10.931 Thread 0x000001f806d68bf0 Exception <a 'java/lang/NoSuchMethodError'{0x0000000085f2e6a8}: 'java.lang.Object java.lang.invoke.DirectMethodHandle$Holder.invokeSpecial(java.lang.Object, java.lang.Object, java.lang.Object, java.lang.Object, java.lang.Object, java.lang.Object, java.lang.Object, java.lang.Object, int)'> (0x0000000085f2e6a8) 
thrown [s\src\hotspot\share\interpreter\linkResolver.cpp, line 759]
Event: 10.931 Thread 0x000001f806d68bf0 Exception <a 'java/lang/NoSuchMethodError'{0x0000000085f33968}: 'java.lang.Object java.lang.invoke.Invokers$Holder.linkToTargetMethod(java.lang.Object, java.lang.Object, java.lang.Object, java.lang.Object, java.lang.Object, java.lang.Object, int, java.lang.Object)'> (0x0000000085f33968) 
thrown [s\src\hotspot\share\interpreter\linkResolver.cpp, line 759]
Event: 10.957 Thread 0x000001f806d68bf0 Exception <a 'java/lang/NoSuchMethodError'{0x0000000085e3ce48}: 'java.lang.Object java.lang.invoke.DirectMethodHandle$Holder.newInvokeSpecial(java.lang.Object, java.lang.Object, int, java.lang.Object, int, java.lang.Object, java.lang.Object)'> (0x0000000085e3ce48) 
thrown [s\src\hotspot\share\interpreter\linkResolver.cpp, line 759]
Event: 10.989 Thread 0x000001f806d68bf0 Exception <a 'java/lang/NoSuchMethodError'{0x000000008b7024f0}: 'void java.lang.invoke.DirectMethodHandle$Holder.invokeInterface(java.lang.Object, java.lang.Object)'> (0x000000008b7024f0) 
thrown [s\src\hotspot\share\interpreter\linkResolver.cpp, line 759]
Event: 11.834 Thread 0x000001f806d68bf0 Exception <a 'java/lang/NoSuchMethodError'{0x0000000086438fc0}: 'java.lang.Object java.lang.invoke.DirectMethodHandle$Holder.invokeSpecial(java.lang.Object, java.lang.Object, int, java.lang.Object, int)'> (0x0000000086438fc0) 
thrown [s\src\hotspot\share\interpreter\linkResolver.cpp, line 759]
Event: 11.983 Thread 0x000001f806d68bf0 Exception <a 'java/lang/IncompatibleClassChangeError'{0x0000000085f12ba0}: Found class java.lang.Object, but interface was expected> (0x0000000085f12ba0) 
thrown [s\src\hotspot\share\interpreter\linkResolver.cpp, line 826]
Event: 11.987 Thread 0x000001f806d68bf0 Implicit null exception at 0x000001f873568c4a to 0x000001f87356cfb4
Event: 11.997 Thread 0x000001f806d68bf0 Exception <a 'java/lang/IncompatibleClassChangeError'{0x0000000085f9d718}: Found class java.lang.Object, but interface was expected> (0x0000000085f9d718) 
thrown [s\src\hotspot\share\interpreter\linkResolver.cpp, line 826]

VM Operations (20 events):
Event: 9.790 Executing VM operation: G1CollectForAllocation
Event: 9.792 Executing VM operation: G1CollectForAllocation done
Event: 9.817 Executing VM operation: G1PauseRemark
Event: 9.820 Executing VM operation: G1PauseRemark done
Event: 9.831 Executing VM operation: G1PauseCleanup
Event: 9.831 Executing VM operation: G1PauseCleanup done
Event: 10.165 Executing VM operation: G1CollectForAllocation
Event: 10.167 Executing VM operation: G1CollectForAllocation done
Event: 10.655 Executing VM operation: ICBufferFull
Event: 10.655 Executing VM operation: ICBufferFull done
Event: 10.663 Executing VM operation: G1CollectForAllocation
Event: 10.665 Executing VM operation: G1CollectForAllocation done
Event: 10.690 Executing VM operation: G1PauseRemark
Event: 10.694 Executing VM operation: G1PauseRemark done
Event: 10.704 Executing VM operation: G1PauseCleanup
Event: 10.704 Executing VM operation: G1PauseCleanup done
Event: 10.986 Executing VM operation: G1CollectForAllocation
Event: 10.988 Executing VM operation: G1CollectForAllocation done
Event: 11.498 Executing VM operation: HandshakeAllThreads
Event: 11.498 Executing VM operation: HandshakeAllThreads done

Events (20 events):
Event: 9.439 loading class java/util/concurrent/CompletableFuture$Completion
Event: 9.441 loading class java/util/concurrent/CompletableFuture$AsynchronousCompletionTask
Event: 9.441 loading class java/util/concurrent/CompletableFuture$AsynchronousCompletionTask done
Event: 9.441 loading class java/util/concurrent/ForkJoinTask
Event: 9.442 loading class java/util/concurrent/ForkJoinTask done
Event: 9.442 loading class java/util/concurrent/CompletableFuture$Completion done
Event: 9.595 Thread 0x000001f807a0d030 Thread exited: 0x000001f807a0d030
Event: 9.766 loading class java/util/concurrent/CancellationException
Event: 9.766 loading class java/util/concurrent/CancellationException done
Event: 9.850 Thread 0x000001f807a0c040 Thread exited: 0x000001f807a0c040
Event: 10.794 loading class jdk/internal/reflect/UnsafeIntegerFieldAccessorImpl
Event: 10.795 loading class jdk/internal/reflect/UnsafeIntegerFieldAccessorImpl done
Event: 11.911 loading class javax/naming/Reference
Event: 11.911 loading class javax/naming/Reference done
Event: 11.927 loading class sun/reflect/generics/reflectiveObjects/GenericArrayTypeImpl
Event: 11.927 loading class sun/reflect/generics/reflectiveObjects/GenericArrayTypeImpl done
Event: 11.982 loading class java/util/concurrent/ConcurrentHashMap$TreeNode
Event: 11.982 loading class java/util/concurrent/ConcurrentHashMap$TreeNode done
Event: 11.982 loading class java/util/concurrent/ConcurrentHashMap$TreeBin
Event: 11.983 loading class java/util/concurrent/ConcurrentHashMap$TreeBin done


Dynamic libraries:
0x00007ff639f40000 - 0x00007ff639f4e000 	C:\Users\jadha\Downloads\sts-4.20.0.RELEASE\plugins\org.eclipse.justj.openjdk.hotspot.jre.full.win32.x86_64_17.0.8.v20230831-1047\jre\bin\javaw.exe
0x00007ffe77ad0000 - 0x00007ffe77ce7000 	C:\WINDOWS\SYSTEM32\ntdll.dll
0x00007ffe76190000 - 0x00007ffe76254000 	C:\WINDOWS\System32\KERNEL32.DLL
0x00007ffe75470000 - 0x00007ffe75816000 	C:\WINDOWS\System32\KERNELBASE.dll
0x00007ffe74e70000 - 0x00007ffe74f81000 	C:\WINDOWS\System32\ucrtbase.dll
0x00007ffe28630000 - 0x00007ffe28649000 	C:\Users\jadha\Downloads\sts-4.20.0.RELEASE\plugins\org.eclipse.justj.openjdk.hotspot.jre.full.win32.x86_64_17.0.8.v20230831-1047\jre\bin\VCRUNTIME140.dll
0x00007ffe6bb70000 - 0x00007ffe6bb87000 	C:\Users\jadha\Downloads\sts-4.20.0.RELEASE\plugins\org.eclipse.justj.openjdk.hotspot.jre.full.win32.x86_64_17.0.8.v20230831-1047\jre\bin\jli.dll
0x00007ffe76540000 - 0x00007ffe766ee000 	C:\WINDOWS\System32\USER32.dll
0x00007ffe74e40000 - 0x00007ffe74e66000 	C:\WINDOWS\System32\win32u.dll
0x00007ffe4f1d0000 - 0x00007ffe4f463000 	C:\WINDOWS\WinSxS\amd64_microsoft.windows.common-controls_6595b64144ccf1df_6.0.22621.2506_none_270c5ae97388e100\COMCTL32.dll
0x00007ffe77390000 - 0x00007ffe773b9000 	C:\WINDOWS\System32\GDI32.dll
0x00007ffe74f90000 - 0x00007ffe750a8000 	C:\WINDOWS\System32\gdi32full.dll
0x00007ffe76880000 - 0x00007ffe76927000 	C:\WINDOWS\System32\msvcrt.dll
0x00007ffe75350000 - 0x00007ffe753ea000 	C:\WINDOWS\System32\msvcp_win.dll
0x00007ffe76f40000 - 0x00007ffe76f71000 	C:\WINDOWS\System32\IMM32.DLL
0x00007ffe5c290000 - 0x00007ffe5c29c000 	C:\Users\jadha\Downloads\sts-4.20.0.RELEASE\plugins\org.eclipse.justj.openjdk.hotspot.jre.full.win32.x86_64_17.0.8.v20230831-1047\jre\bin\vcruntime140_1.dll
0x00007ffe022f0000 - 0x00007ffe02381000 	C:\Users\jadha\Downloads\sts-4.20.0.RELEASE\plugins\org.eclipse.justj.openjdk.hotspot.jre.full.win32.x86_64_17.0.8.v20230831-1047\jre\bin\msvcp140.dll
0x00007ffe08160000 - 0x00007ffe08dac000 	C:\Users\jadha\Downloads\sts-4.20.0.RELEASE\plugins\org.eclipse.justj.openjdk.hotspot.jre.full.win32.x86_64_17.0.8.v20230831-1047\jre\bin\server\jvm.dll
0x00007ffe76260000 - 0x00007ffe76311000 	C:\WINDOWS\System32\ADVAPI32.dll
0x00007ffe77950000 - 0x00007ffe779f5000 	C:\WINDOWS\System32\sechost.dll
0x00007ffe769a0000 - 0x00007ffe76ab7000 	C:\WINDOWS\System32\RPCRT4.dll
0x00007ffe73c90000 - 0x00007ffe73cdd000 	C:\WINDOWS\SYSTEM32\POWRPROF.dll
0x00007ffe6d970000 - 0x00007ffe6d9a4000 	C:\WINDOWS\SYSTEM32\WINMM.dll
0x00007ffe6f100000 - 0x00007ffe6f109000 	C:\WINDOWS\SYSTEM32\WSOCK32.dll
0x00007ffe77170000 - 0x00007ffe771e1000 	C:\WINDOWS\System32\WS2_32.dll
0x00007ffe6d390000 - 0x00007ffe6d39a000 	C:\WINDOWS\SYSTEM32\VERSION.dll
0x00007ffe73c70000 - 0x00007ffe73c83000 	C:\WINDOWS\SYSTEM32\UMPDC.dll
0x00007ffe73f30000 - 0x00007ffe73f48000 	C:\WINDOWS\SYSTEM32\kernel.appcore.dll
0x00007ffe6dad0000 - 0x00007ffe6dada000 	C:\Users\jadha\Downloads\sts-4.20.0.RELEASE\plugins\org.eclipse.justj.openjdk.hotspot.jre.full.win32.x86_64_17.0.8.v20230831-1047\jre\bin\jimage.dll
0x00007ffe726a0000 - 0x00007ffe728d3000 	C:\WINDOWS\SYSTEM32\DBGHELP.DLL
0x00007ffe775c0000 - 0x00007ffe77949000 	C:\WINDOWS\System32\combase.dll
0x00007ffe76f80000 - 0x00007ffe77057000 	C:\WINDOWS\System32\OLEAUT32.dll
0x00007ffe6cdd0000 - 0x00007ffe6ce02000 	C:\WINDOWS\SYSTEM32\dbgcore.DLL
0x00007ffe753f0000 - 0x00007ffe7546a000 	C:\WINDOWS\System32\bcryptPrimitives.dll
0x00007ffe38b80000 - 0x00007ffe38ba5000 	C:\Users\jadha\Downloads\sts-4.20.0.RELEASE\plugins\org.eclipse.justj.openjdk.hotspot.jre.full.win32.x86_64_17.0.8.v20230831-1047\jre\bin\java.dll
0x00007ffe428e0000 - 0x00007ffe428f8000 	C:\Users\jadha\Downloads\sts-4.20.0.RELEASE\plugins\org.eclipse.justj.openjdk.hotspot.jre.full.win32.x86_64_17.0.8.v20230831-1047\jre\bin\zip.dll
0x00007ffe75820000 - 0x00007ffe7607a000 	C:\WINDOWS\System32\SHELL32.dll
0x00007ffe72d70000 - 0x00007ffe73666000 	C:\WINDOWS\SYSTEM32\windows.storage.dll
0x00007ffe72c30000 - 0x00007ffe72d6e000 	C:\WINDOWS\SYSTEM32\wintypes.dll
0x00007ffe77060000 - 0x00007ffe77153000 	C:\WINDOWS\System32\SHCORE.dll
0x00007ffe76130000 - 0x00007ffe7618e000 	C:\WINDOWS\System32\shlwapi.dll
0x00007ffe74d70000 - 0x00007ffe74d96000 	C:\WINDOWS\SYSTEM32\profapi.dll
0x00007ffe38b60000 - 0x00007ffe38b79000 	C:\Users\jadha\Downloads\sts-4.20.0.RELEASE\plugins\org.eclipse.justj.openjdk.hotspot.jre.full.win32.x86_64_17.0.8.v20230831-1047\jre\bin\net.dll
0x00007ffe6e910000 - 0x00007ffe6ea47000 	C:\WINDOWS\SYSTEM32\WINHTTP.dll
0x00007ffe743b0000 - 0x00007ffe74419000 	C:\WINDOWS\system32\mswsock.dll
0x00007ffe38b40000 - 0x00007ffe38b55000 	C:\Users\jadha\Downloads\sts-4.20.0.RELEASE\plugins\org.eclipse.justj.openjdk.hotspot.jre.full.win32.x86_64_17.0.8.v20230831-1047\jre\bin\nio.dll
0x00007ffe6c270000 - 0x00007ffe6c279000 	C:\Users\jadha\Downloads\sts-4.20.0.RELEASE\plugins\org.eclipse.justj.openjdk.hotspot.jre.full.win32.x86_64_17.0.8.v20230831-1047\jre\bin\management.dll
0x00007ffe6c260000 - 0x00007ffe6c26b000 	C:\Users\jadha\Downloads\sts-4.20.0.RELEASE\plugins\org.eclipse.justj.openjdk.hotspot.jre.full.win32.x86_64_17.0.8.v20230831-1047\jre\bin\management_ext.dll
0x00007ffe76870000 - 0x00007ffe76878000 	C:\WINDOWS\System32\PSAPI.DLL
0x00007ffe74600000 - 0x00007ffe7461b000 	C:\WINDOWS\SYSTEM32\CRYPTSP.dll
0x00007ffe73e90000 - 0x00007ffe73ec5000 	C:\WINDOWS\system32\rsaenh.dll
0x00007ffe744a0000 - 0x00007ffe744cc000 	C:\WINDOWS\SYSTEM32\USERENV.dll
0x00007ffe747d0000 - 0x00007ffe747f8000 	C:\WINDOWS\SYSTEM32\bcrypt.dll
0x00007ffe74620000 - 0x00007ffe7462c000 	C:\WINDOWS\SYSTEM32\CRYPTBASE.dll
0x00007ffe73940000 - 0x00007ffe7396d000 	C:\WINDOWS\SYSTEM32\IPHLPAPI.DLL
0x00007ffe76860000 - 0x00007ffe76869000 	C:\WINDOWS\System32\NSI.dll
0x00007ffe6ec10000 - 0x00007ffe6ec29000 	C:\WINDOWS\SYSTEM32\dhcpcsvc6.DLL
0x00007ffe6e500000 - 0x00007ffe6e51f000 	C:\WINDOWS\SYSTEM32\dhcpcsvc.DLL
0x00007ffe739b0000 - 0x00007ffe73aa9000 	C:\WINDOWS\SYSTEM32\DNSAPI.dll
0x00007ffe6db00000 - 0x00007ffe6db0e000 	C:\Users\jadha\Downloads\sts-4.20.0.RELEASE\plugins\org.eclipse.justj.openjdk.hotspot.jre.full.win32.x86_64_17.0.8.v20230831-1047\jre\bin\sunmscapi.dll
0x00007ffe75170000 - 0x00007ffe752d6000 	C:\WINDOWS\System32\CRYPT32.dll
0x00007ffe747a0000 - 0x00007ffe747cd000 	C:\WINDOWS\SYSTEM32\ncrypt.dll
0x00007ffe74760000 - 0x00007ffe74797000 	C:\WINDOWS\SYSTEM32\NTASN1.dll
0x00007ffe530b0000 - 0x00007ffe530c0000 	C:\Users\jadha\Downloads\sts-4.20.0.RELEASE\plugins\org.eclipse.justj.openjdk.hotspot.jre.full.win32.x86_64_17.0.8.v20230831-1047\jre\bin\verify.dll
0x00007ffe6d3e0000 - 0x00007ffe6d3ea000 	C:\Windows\System32\rasadhlp.dll
0x00007ffe6d4d0000 - 0x00007ffe6d553000 	C:\WINDOWS\System32\fwpuclnt.dll

dbghelp: loaded successfully - version: 4.0.5 - missing functions: none
symbol engine: initialized successfully - sym options: 0x614 - pdb path: .;C:\Users\jadha\Downloads\sts-4.20.0.RELEASE\plugins\org.eclipse.justj.openjdk.hotspot.jre.full.win32.x86_64_17.0.8.v20230831-1047\jre\bin;C:\WINDOWS\SYSTEM32;C:\WINDOWS\WinSxS\amd64_microsoft.windows.common-controls_6595b64144ccf1df_6.0.22621.2506_none_270c5ae97388e100;C:\Users\jadha\Downloads\sts-4.20.0.RELEASE\plugins\org.eclipse.justj.openjdk.hotspot.jre.full.win32.x86_64_17.0.8.v20230831-1047\jre\bin\server

VM Arguments:
jvm_args: -Dfile.encoding=UTF-8 -Dstdout.encoding=UTF-8 -Dstderr.encoding=UTF-8 -XX:+ShowCodeDetailsInExceptionMessages 
java_command: com.aj.blog.BlogApplication
java_class_path (initial): C:\Users\jadha\Documents\workspace-spring-tool-suite-4-4.20.0.RELEASE\blog-application\target\classes;C:\Users\jadha\.m2\repository\org\springframework\boot\spring-boot-starter-data-jpa\3.1.5\spring-boot-starter-data-jpa-3.1.5.jar;C:\Users\jadha\.m2\repository\org\springframework\boot\spring-boot-starter-aop\3.1.5\spring-boot-starter-aop-3.1.5.jar;C:\Users\jadha\.m2\repository\org\aspectj\aspectjweaver\1.9.20\aspectjweaver-1.9.20.jar;C:\Users\jadha\.m2\repository\org\springframework\boot\spring-boot-starter-jdbc\3.1.5\spring-boot-starter-jdbc-3.1.5.jar;C:\Users\jadha\.m2\repository\com\zaxxer\HikariCP\5.0.1\HikariCP-5.0.1.jar;C:\Users\jadha\.m2\repository\org\springframework\spring-jdbc\6.0.13\spring-jdbc-6.0.13.jar;C:\Users\jadha\.m2\repository\org\hibernate\orm\hibernate-core\6.2.13.Final\hibernate-core-6.2.13.Final.jar;C:\Users\jadha\.m2\repository\jakarta\persistence\jakarta.persistence-api\3.1.0\jakarta.persistence-api-3.1.0.jar;C:\Users\jadha\.m2\repository\jakarta\transaction\jakarta.transaction-api\2.0.1\jakarta.transaction-api-2.0.1.jar;C:\Users\jadha\.m2\repository\org\jboss\logging\jboss-logging\3.5.3.Final\jboss-logging-3.5.3.Final.jar;C:\Users\jadha\.m2\repository\org\hibernate\common\hibernate-commons-annotations\6.0.6.Final\hibernate-commons-annotations-6.0.6.Final.jar;C:\Users\jadha\.m2\repository\io\smallrye\jandex\3.0.5\jandex-3.0.5.jar;C:\Users\jadha\.m2\repository\net\bytebuddy\byte-buddy\1.14.9\byte-buddy-1.14.9.jar;C:\Users\jadha\.m2\repository\org\glassfish\jaxb\jaxb-runtime\4.0.3\jaxb-runtime-4.0.3.jar;C:\Users\jadha\.m2\repository\org\glassfish\jaxb\jaxb-core\4.0.3\jaxb-core-4.0.3.jar;C:\Users\jadha\.m2\repository\org\eclipse\angus\angus-activation\2.0.1\angus-activation-2.0.1.jar;C:\Users\jadha\.m2\repository\org\glassfish\jaxb\txw2\4.0.3\txw2-4.0.3.jar;C:\Users\jadha\.m2\repository\com\sun\istack\istack-commons-runtime\4.1.2\istack-commons-runtime-4.1.2.jar;C:\Users\jadha\.m2\repository\jakarta\inject\jakarta.i
Launcher Type: SUN_STANDARD

[Global flags]
     intx CICompilerCount                          = 4                                         {product} {ergonomic}
     uint ConcGCThreads                            = 2                                         {product} {ergonomic}
     uint G1ConcRefinementThreads                  = 8                                         {product} {ergonomic}
   size_t G1HeapRegionSize                         = 1048576                                   {product} {ergonomic}
    uintx GCDrainStackTargetSize                   = 64                                        {product} {ergonomic}
   size_t InitialHeapSize                          = 132120576                                 {product} {ergonomic}
   size_t MarkStackSize                            = 4194304                                   {product} {ergonomic}
   size_t MaxHeapSize                              = 2086666240                                {product} {ergonomic}
   size_t MaxNewSize                               = 1251999744                                {product} {ergonomic}
   size_t MinHeapDeltaBytes                        = 1048576                                   {product} {ergonomic}
   size_t MinHeapSize                              = 8388608                                   {product} {ergonomic}
    uintx NonNMethodCodeHeapSize                   = 5839372                                {pd product} {ergonomic}
    uintx NonProfiledCodeHeapSize                  = 122909434                              {pd product} {ergonomic}
    uintx ProfiledCodeHeapSize                     = 122909434                              {pd product} {ergonomic}
    uintx ReservedCodeCacheSize                    = 251658240                              {pd product} {ergonomic}
     bool SegmentedCodeCache                       = true                                      {product} {ergonomic}
     bool ShowCodeDetailsInExceptionMessages       = true                                   {manageable} {command line}
   size_t SoftMaxHeapSize                          = 2086666240                             {manageable} {ergonomic}
     bool UseCompressedClassPointers               = true                           {product lp64_product} {ergonomic}
     bool UseCompressedOops                        = true                           {product lp64_product} {ergonomic}
     bool UseG1GC                                  = true                                      {product} {ergonomic}
     bool UseLargePagesIndividualAllocation        = false                                  {pd product} {ergonomic}

Logging:
Log output configuration:
 #0: stdout all=warning uptime,level,tags
 #1: stderr all=off uptime,level,tags

Environment Variables:
JAVA_HOME=C:\Program Files\Java\jdk-16.0.2
CLASSPATH=C:\kafka_2.13-3.6.0\bin\windows
PATH=C:/Users/jadha/Downloads/sts-4.20.0.RELEASE//plugins/org.eclipse.justj.openjdk.hotspot.jre.full.win32.x86_64_17.0.8.v20230831-1047/jre/bin/server;C:/Users/jadha/Downloads/sts-4.20.0.RELEASE//plugins/org.eclipse.justj.openjdk.hotspot.jre.full.win32.x86_64_17.0.8.v20230831-1047/jre/bin;C:\Win32App\INGR\SPLM\bin;C:\Program Files\Common Files\Oracle\Java\javapath;C:\Windows\system32;C:\Windows;C:\Windows\System32\Wbem;C:\Windows\System32\WindowsPowerShell\v1.0\;C:\Windows\System32\OpenSSH\;C:\Program Files\NVIDIA Corporation\NVIDIA NvDLISR;C:\WINDOWS\system32;C:\WINDOWS;C:\WINDOWS\System32\Wbem;C:\WINDOWS\System32\WindowsPowerShell\v1.0\;C:\WINDOWS\System32\OpenSSH\;C:\Program Files\Java\jdk-16.0.2\bin;C:\Program Files (x86)\NVIDIA Corporation\PhysX\Common;C:\Program Files\dotnet\;C:\Program Files\Microsoft SQL Server\Client SDK\ODBC\170\Tools\Binn\;C:\WINDOWS\system32;C:\WINDOWS;C:\WINDOWS\System32\Wbem;C:\WINDOWS\System32\WindowsPowerShell\v1.0\;C:\WINDOWS\System32\OpenSSH\;C:\Program Files\Microsoft SQL Server\120\DTS\Binn\;C:\Program Files\Microsoft SQL Server\Client SDK\ODBC\110\Tools\Binn\;C:\Program Files (x86)\Microsoft SQL Server\120\Tools\Binn\;C:\Program Files\Microsoft SQL Server\120\Tools\Binn\;C:\Program Files (x86)\Microsoft SQL Server\120\Tools\Binn\ManagementStudio\;C:\Program Files (x86)\Microsoft SQL Server\120\DTS\Binn\;C:\Program Files\Microsoft VS Code\bin;C:\Program Files\Git\cmd;C:\Program Files\nodejs\;C:\Program Files\MySQL\MySQL Shell 8.0\bin\;C:\Users\jadha\AppData\Local\Microsoft\WindowsApps;;C:\Program Files\JetBrains\IntelliJ IDEA 2023.2.4\bin;;C:\Program Files\JetBrains\IntelliJ IDEA Community Edition 2023.2.4\bin;;C:\Users\jadha\AppData\Roaming\npm;C:\Users\jadha\Downloads\sts-4.20.0.RELEASE;
USERNAME=jadha
OS=Windows_NT
PROCESSOR_IDENTIFIER=Intel64 Family 6 Model 126 Stepping 5, GenuineIntel
TMP=C:\Users\jadha\AppData\Local\Temp
TEMP=C:\Users\jadha\AppData\Local\Temp



---------------  S Y S T E M  ---------------

OS:
 Windows 11 , 64 bit Build 22621 (10.0.22621.2506)
OS uptime: 13 days 8:59 hours

CPU: total 8 (initial active 8) (4 cores per cpu, 2 threads per core) family 6 model 126 stepping 5 microcode 0xbc, cx8, cmov, fxsr, ht, mmx, 3dnowpref, sse, sse2, sse3, ssse3, sse4.1, sse4.2, popcnt, lzcnt, tsc, tscinvbit, avx, avx2, aes, erms, clmul, bmi1, bmi2, adx, avx512f, avx512dq, avx512cd, avx512bw, avx512vl, sha, fma, vzeroupper, avx512_vpopcntdq, avx512_vpclmulqdq, avx512_vaes, avx512_vnni, clflush, clflushopt, avx512_vbmi2, avx512_vbmi
Processor Information for all 8 processors :
  Max Mhz: 1190, Current Mhz: 991, Mhz Limit: 987

Memory: 4k page, system-wide physical 7959M (370M free)
TotalPageFile size 32535M (AvailPageFile size 5M)
current process WorkingSet (physical memory assigned to process): 222M, peak: 224M
current process commit charge ("private bytes"): 253M, peak: 255M

vm_info: OpenJDK 64-Bit Server VM (17.0.8.1+1) for windows-amd64 JRE (17.0.8.1+1), built on Aug 23 2023 15:29:17 by "admin" with MS VC++ 16.7 (VS2019)

END.
